<?xml version="1.0" encoding="UTF-8"?>
<!-- Generated by org.testng.reporters.JUnitReportReporter -->
<testsuite hostname="yikaraman-MacBookPro.local" name="org.chapter02.hibernate.PersistenceTest" tests="2" failures="0" timestamp="31 Jan 2016 17:13:50 GMT" time="0.183" errors="0">
  <testcase name="readMessage" time="0.088" classname="org.chapter02.hibernate.PersistenceTest"/>
  <testcase name="saveMessage" time="0.095" classname="org.chapter02.hibernate.PersistenceTest"/>
</testsuite> <!-- org.chapter02.hibernate.PersistenceTest -->
