<?xml version="1.0" encoding="UTF-8"?>
<!-- Generated by org.testng.reporters.JUnitReportReporter -->
<testsuite hostname="yikaraman-MacBookPro.local" name="org.chapter02.pojo.PersistenceTest" tests="2" failures="0" timestamp="31 Jan 2016 16:10:05 GMT" time="0.305" errors="0">
  <testcase name="saveMessage" time="0.155" classname="org.chapter02.pojo.PersistenceTest"/>
  <testcase name="readMessage" time="0.150" classname="org.chapter02.pojo.PersistenceTest"/>
</testsuite> <!-- org.chapter02.pojo.PersistenceTest -->
