<?xml version="1.0" encoding="UTF-8"?>
<!-- Generated by org.testng.reporters.JUnitReportReporter -->
<testsuite hostname="yikaraman-MacBookPro.local" name="org.chapter01.pojo.PersistenceTest" tests="2" failures="0" timestamp="31 Jan 2016 15:36:05 GMT" time="0.298" errors="0">
  <testcase name="readMessage" time="0.150" classname="org.chapter01.pojo.PersistenceTest"/>
  <testcase name="saveMessage" time="0.148" classname="org.chapter01.pojo.PersistenceTest"/>
</testsuite> <!-- org.chapter01.pojo.PersistenceTest -->
