<?xml version="1.0" encoding="UTF-8"?>
<!-- Generated by org.testng.reporters.JUnitReportReporter -->
<testsuite hostname="yikaraman-MacBookPro.local" name="org.chapter03.hibernate.UpdateRankingTest" tests="1" failures="0" timestamp="31 Jan 2016 20:37:29 GMT" time="0.300" errors="0">
  <testcase name="changeRanking" time="0.300" classname="org.chapter03.hibernate.UpdateRankingTest"/>
</testsuite> <!-- org.chapter03.hibernate.UpdateRankingTest -->
