<?xml version="1.0" encoding="UTF-8"?>
<!-- Generated by org.testng.reporters.JUnitReportReporter -->
<testsuite hostname="yikaraman-MacBookPro.local" name="org.chapter03.pojo.ModelTest" tests="1" failures="0" timestamp="31 Jan 2016 17:59:18 GMT" time="0.013" errors="0">
  <testcase name="testModelCreation" time="0.013" classname="org.chapter03.pojo.ModelTest"/>
</testsuite> <!-- org.chapter03.pojo.ModelTest -->
