<?xml version="1.0" encoding="UTF-8"?>
<!-- Generated by org.testng.reporters.JUnitReportReporter -->
<testsuite hostname="yikaraman-MacBookPro.local" name="org.chapter03.hibernate.SaveRankingTest" tests="1" failures="0" timestamp="31 Jan 2016 19:45:02 GMT" time="0.190" errors="0">
  <testcase name="testSaveRanking" time="0.190" classname="org.chapter03.hibernate.SaveRankingTest"/>
</testsuite> <!-- org.chapter03.hibernate.SaveRankingTest -->
