<?xml version="1.0" encoding="UTF-8"?>
<!-- Generated by org.testng.reporters.JUnitReportReporter -->
<testsuite hostname="yikaraman-MacBookPro.local" name="org.chapter03.hibernate.PersonTest" tests="2" failures="0" timestamp="31 Jan 2016 19:19:06 GMT" time="0.193" errors="0">
  <testcase name="findPerson" time="0.094" classname="org.chapter03.hibernate.PersonTest"/>
  <testcase name="testSavePerson" time="0.099" classname="org.chapter03.hibernate.PersonTest"/>
</testsuite> <!-- org.chapter03.hibernate.PersonTest -->
