<?xml version="1.0" encoding="UTF-8"?>
<!-- Generated by org.testng.reporters.JUnitReportReporter -->
<testsuite hostname="yikaraman-MacBookPro.local" name="org.chapter03.hibernate.TestRanking" tests="1" failures="0" timestamp="31 Jan 2016 19:57:35 GMT" time="0.216" errors="0">
  <testcase name="testRankings" time="0.216" classname="org.chapter03.hibernate.TestRanking"/>
</testsuite> <!-- org.chapter03.hibernate.TestRanking -->
