<?xml version="1.0" encoding="UTF-8"?>
<!-- Generated by org.testng.reporters.JUnitReportReporter -->
<testsuite hostname="yikaraman-MacBookPro.local" name="org.chapter03.hibernate.AddRankingTest" tests="1" failures="0" timestamp="7 Feb 2016 20:09:48 GMT" time="1.052" errors="0">
  <testcase name="addRanking" time="1.052" classname="org.chapter03.hibernate.AddRankingTest"/>
</testsuite> <!-- org.chapter03.hibernate.AddRankingTest -->
