<?xml version="1.0" encoding="UTF-8"?>
<!-- Generated by org.testng.reporters.JUnitReportReporter -->
<testsuite hostname="yikaraman-MacBookPro.local" name="org.chapter00_util.hibernate.SessionBuilderTest" tests="1" failures="0" timestamp="14 Feb 2016 18:59:37 GMT" time="0.783" errors="0">
  <testcase name="testSessionFactory" time="0.783" classname="org.chapter00_util.hibernate.SessionBuilderTest"/>
</testsuite> <!-- org.chapter00_util.hibernate.SessionBuilderTest -->
