<?xml version="1.0" encoding="UTF-8"?>
<!-- Generated by org.testng.reporters.JUnitReportReporter -->
<testsuite hostname="yikaraman-MacBookPro.local" name="org.chapter00_util.JPA.JPASessionUtilTest" tests="6" failures="0" timestamp="14 Feb 2016 18:59:54 GMT" time="1.262" errors="0">
  <testcase name="getEntityManager" time="1.081" classname="org.chapter00_util.JPA.JPASessionUtilTest"/>
  <testcase name="testEntityManager" time="0.141" classname="org.chapter00_util.JPA.JPASessionUtilTest"/>
  <testcase name="nonexistentSessionName" time="0.015" classname="org.chapter00_util.JPA.JPASessionUtilTest"/>
  <testcase name="testSession" time="0.005" classname="org.chapter00_util.JPA.JPASessionUtilTest"/>
  <testcase name="nonexistentEntityManagerName" time="0.019" classname="org.chapter00_util.JPA.JPASessionUtilTest"/>
  <testcase name="getSession" time="0.001" classname="org.chapter00_util.JPA.JPASessionUtilTest"/>
</testsuite> <!-- org.chapter00_util.JPA.JPASessionUtilTest -->
