<?xml version="1.0" encoding="UTF-8"?>
<!-- Generated by org.testng.reporters.JUnitReportReporter -->
<testsuite hostname="yikaraman-MacBookPro.local" name="org.chapter00_util.hibernate.SessionBuilderTest" tests="1" failures="0" timestamp="7 Feb 2016 18:41:55 GMT" time="0.818" errors="0">
  <testcase name="testSessionFactory" time="0.818" classname="org.chapter00_util.hibernate.SessionBuilderTest"/>
</testsuite> <!-- org.chapter00_util.hibernate.SessionBuilderTest -->
