<?xml version="1.0" encoding="UTF-8"?>
<!-- Generated by org.testng.reporters.JUnitReportReporter -->
<testsuite hostname="yikaraman-MacBookPro.local" name="org.chapter04.orphan.OrphanRemovalTest" tests="1" failures="0" timestamp="16 Feb 2016 21:20:04 GMT" time="1.323" errors="0">
  <testcase name="orphanRemovalTest" time="1.323" classname="org.chapter04.orphan.OrphanRemovalTest"/>
</testsuite> <!-- org.chapter04.orphan.OrphanRemovalTest -->
