<?xml version="1.0" encoding="UTF-8"?>
<!-- Generated by org.testng.reporters.JUnitReportReporter -->
<testsuite hostname="yikaraman-MacBookPro.local" name="org.chapter04.mapped.WorkingInversionTest" tests="3" failures="0" timestamp="14 Feb 2016 20:02:23 GMT" time="0.979" errors="0">
  <testcase name="testProperSimpleInversionCode" time="0.004" classname="org.chapter04.mapped.WorkingInversionTest"/>
  <testcase name="testImpliedRelationship" time="0.005" classname="org.chapter04.mapped.WorkingInversionTest"/>
  <testcase name="testBrokenInversionCode" time="0.970" classname="org.chapter04.mapped.WorkingInversionTest"/>
</testsuite> <!-- org.chapter04.mapped.WorkingInversionTest -->
