<?xml version="1.0" encoding="UTF-8"?>
<!-- Generated by org.testng.reporters.JUnitReportReporter -->
<testsuite hostname="yikaraman-MacBookPro.local" name="org.chapter04.BrokenInversionTest" tests="1" failures="0" timestamp="14 Feb 2016 19:56:19 GMT" time="0.942" errors="0">
  <testcase name="testImpliedRelationship" time="0.942" classname="org.chapter04.BrokenInversionTest"/>
</testsuite> <!-- org.chapter04.BrokenInversionTest -->
