<?xml version="1.0" encoding="UTF-8"?>
<!-- Generated by org.testng.reporters.JUnitReportReporter -->
<testsuite hostname="yikaraman-MacBookPro.local" name="org.chapter04.broken.BrokenInversionTest" tests="3" failures="0" timestamp="16 Feb 2016 20:04:50 GMT" time="0.989" errors="0">
  <testcase name="testProperSimpleInversionCode" time="0.005" classname="org.chapter04.broken.BrokenInversionTest"/>
  <testcase name="testBrokenInversionCode" time="0.978" classname="org.chapter04.broken.BrokenInversionTest"/>
  <testcase name="testImpliedRelationship" time="0.006" classname="org.chapter04.broken.BrokenInversionTest"/>
</testsuite> <!-- org.chapter04.broken.BrokenInversionTest -->
