<?xml version="1.0" encoding="UTF-8"?>
<!-- Generated by org.testng.reporters.JUnitReportReporter -->
<testsuite hostname="yikaraman-MacBookPro.local" name="org.chapter04.model.MergeRefreshTest" tests="2" failures="0" timestamp="16 Feb 2016 20:05:00 GMT" time="0.997" errors="0">
  <testcase name="testRefresh" time="0.007" classname="org.chapter04.model.MergeRefreshTest"/>
  <testcase name="testMerge" time="0.990" classname="org.chapter04.model.MergeRefreshTest"/>
</testsuite> <!-- org.chapter04.model.MergeRefreshTest -->
