<?xml version="1.0" encoding="UTF-8"?>
<!-- Generated by org.testng.reporters.JUnitReportReporter -->
<testsuite hostname="yikaraman-MacBookPro.local" name="org.chapter04.model.PersistingEntitiesTest" tests="3" failures="0" timestamp="15 Feb 2016 21:06:26 GMT" time="1.011" errors="0">
  <testcase name="testSavingEntitiesTwice" time="0.004" classname="org.chapter04.model.PersistingEntitiesTest"/>
  <testcase name="testProperSimpleInversionCode" time="0.994" classname="org.chapter04.model.PersistingEntitiesTest"/>
  <testcase name="testSaveOrUpdateEntity" time="0.013" classname="org.chapter04.model.PersistingEntitiesTest"/>
</testsuite> <!-- org.chapter04.model.PersistingEntitiesTest -->
